<?xml version="1.0" encoding="UTF-8"?>
<testsuite name="DataAccessJSONTest" tests="17" skipped="0" failures="0" errors="0" timestamp="2021-05-07T11:12:28" hostname="LAPTOP-KA5PC1CV" time="0.285">
  <properties/>
  <testcase name="appendList()" classname="DataAccessJSONTest" time="0.025"/>
  <testcase name="writeListToFile()" classname="DataAccessJSONTest" time="0.014"/>
  <testcase name="getAllObjectsFromTheJSONFile()" classname="DataAccessJSONTest" time="0.012"/>
  <testcase name="writeOneObjectToFile()" classname="DataAccessJSONTest" time="0.01"/>
  <testcase name="doesExist_Fail()" classname="DataAccessJSONTest" time="0.011"/>
  <testcase name="updateObjectFromFile()" classname="DataAccessJSONTest" time="0.041"/>
  <testcase name="createNewJSONFile()" classname="DataAccessJSONTest" time="0.013"/>
  <testcase name="doesExist_Correct()" classname="DataAccessJSONTest" time="0.014"/>
  <testcase name="appendObject()" classname="DataAccessJSONTest" time="0.018"/>
  <testcase name="getCorrectObjectByCylinderReference()" classname="DataAccessJSONTest" time="0.012"/>
  <testcase name="getCorrectObjectByIDReference_NotEquals()" classname="DataAccessJSONTest" time="0.014"/>
  <testcase name="deleteObjectFromFile()" classname="DataAccessJSONTest" time="0.023"/>
  <testcase name="getCorrectObjectByProducerReference()" classname="DataAccessJSONTest" time="0.013"/>
  <testcase name="createExistingJSONFile()" classname="DataAccessJSONTest" time="0.005"/>
  <testcase name="getCorrectObjectByProducerReference_NotEquals()" classname="DataAccessJSONTest" time="0.015"/>
  <testcase name="getCorrectObjectByCylinderReference_NotEquals()" classname="DataAccessJSONTest" time="0.014"/>
  <testcase name="getCorrectObjectByIDReference()" classname="DataAccessJSONTest" time="0.012"/>
  <system-out><![CDATA[]]></system-out>
  <system-err><![CDATA[]]></system-err>
</testsuite>
