<?xml version="1.0" encoding="UTF-8"?>
<testsuite name="SortingJSONTest" tests="6" skipped="0" failures="0" errors="0" timestamp="2021-05-07T11:14:16" hostname="LAPTOP-KA5PC1CV" time="0.051">
  <properties/>
  <testcase name="sortStringAlphabeticalDescending()" classname="SortingJSONTest" time="0.008"/>
  <testcase name="sortDoubleDescending()" classname="SortingJSONTest" time="0.007"/>
  <testcase name="sortStringAlphabeticalAscending()" classname="SortingJSONTest" time="0.008"/>
  <testcase name="sortDoubleAscending()" classname="SortingJSONTest" time="0.007"/>
  <testcase name="sortIntAscending()" classname="SortingJSONTest" time="0.008"/>
  <testcase name="sortIntDescending()" classname="SortingJSONTest" time="0.011"/>
  <system-out><![CDATA[]]></system-out>
  <system-err><![CDATA[]]></system-err>
</testsuite>
