<?xml version="1.0" encoding="UTF-8"?>
<testsuite name="DataAccessXMLTest" tests="17" skipped="0" failures="0" errors="0" timestamp="2021-04-27T14:58:50" hostname="LAPTOP-KA5PC1CV" time="0.392">
  <properties/>
  <testcase name="appendList()" classname="DataAccessXMLTest" time="0.045"/>
  <testcase name="getAllObjectsFromTheXMLFile()" classname="DataAccessXMLTest" time="0.018"/>
  <testcase name="createNewXMLFile()" classname="DataAccessXMLTest" time="0.009"/>
  <testcase name="writeListToFile()" classname="DataAccessXMLTest" time="0.018"/>
  <testcase name="writeOneObjectToFile()" classname="DataAccessXMLTest" time="0.015"/>
  <testcase name="doesExist_Fail()" classname="DataAccessXMLTest" time="0.021"/>
  <testcase name="updateObjectFromFile()" classname="DataAccessXMLTest" time="0.056"/>
  <testcase name="doesExist_Correct()" classname="DataAccessXMLTest" time="0.017"/>
  <testcase name="appendObject()" classname="DataAccessXMLTest" time="0.032"/>
  <testcase name="getCorrectObjectByCylinderReference()" classname="DataAccessXMLTest" time="0.014"/>
  <testcase name="getCorrectObjectByIDReference_NotEquals()" classname="DataAccessXMLTest" time="0.025"/>
  <testcase name="deleteObjectFromFile()" classname="DataAccessXMLTest" time="0.033"/>
  <testcase name="getCorrectObjectByProducerReference()" classname="DataAccessXMLTest" time="0.017"/>
  <testcase name="createExistingXMLFile()" classname="DataAccessXMLTest" time="0.006"/>
  <testcase name="getCorrectObjectByProducerReference_NotEquals()" classname="DataAccessXMLTest" time="0.023"/>
  <testcase name="getCorrectObjectByCylinderReference_NotEquals()" classname="DataAccessXMLTest" time="0.014"/>
  <testcase name="getCorrectObjectByIDReference()" classname="DataAccessXMLTest" time="0.015"/>
  <system-out><![CDATA[]]></system-out>
  <system-err><![CDATA[]]></system-err>
</testsuite>
