<?xml version="1.0" encoding="UTF-8"?>
<testsuite name="SortingCSVTest" tests="6" skipped="0" failures="0" errors="0" timestamp="2021-05-07T11:14:16" hostname="LAPTOP-KA5PC1CV" time="0.056">
  <properties/>
  <testcase name="sortStringAlphabeticalDescending()" classname="SortingCSVTest" time="0.016"/>
  <testcase name="sortDoubleDescending()" classname="SortingCSVTest" time="0.008"/>
  <testcase name="sortStringAlphabeticalAscending()" classname="SortingCSVTest" time="0.007"/>
  <testcase name="sortDoubleAscending()" classname="SortingCSVTest" time="0.006"/>
  <testcase name="sortIntAscending()" classname="SortingCSVTest" time="0.008"/>
  <testcase name="sortIntDescending()" classname="SortingCSVTest" time="0.007"/>
  <system-out><![CDATA[]]></system-out>
  <system-err><![CDATA[]]></system-err>
</testsuite>
