<?xml version="1.0" encoding="UTF-8"?>
<testsuite name="ConverterTest" tests="6" skipped="0" failures="0" errors="0" timestamp="2021-04-29T07:32:49" hostname="LAPTOP-KA5PC1CV" time="0.221">
  <properties/>
  <testcase name="convertCsvToJson()" classname="ConverterTest" time="0.103"/>
  <testcase name="convertCsvToXml()" classname="ConverterTest" time="0.025"/>
  <testcase name="convertXmlToJson()" classname="ConverterTest" time="0.023"/>
  <testcase name="convertXmlToCsv()" classname="ConverterTest" time="0.022"/>
  <testcase name="convertJsonToCSV()" classname="ConverterTest" time="0.018"/>
  <testcase name="convertJsonToXML()" classname="ConverterTest" time="0.027"/>
  <system-out><![CDATA[]]></system-out>
  <system-err><![CDATA[]]></system-err>
</testsuite>
