<?xml version="1.0" encoding="UTF-8"?>
<testsuite name="ConverterTest" tests="6" skipped="0" failures="0" errors="0" timestamp="2021-04-27T14:58:49" hostname="LAPTOP-KA5PC1CV" time="0.388">
  <properties/>
  <testcase name="convertCsvToJson()" classname="ConverterTest" time="0.157"/>
  <testcase name="convertCsvToXml()" classname="ConverterTest" time="0.043"/>
  <testcase name="convertXmlToJson()" classname="ConverterTest" time="0.035"/>
  <testcase name="convertXmlToCsv()" classname="ConverterTest" time="0.032"/>
  <testcase name="convertJsonToCSV()" classname="ConverterTest" time="0.054"/>
  <testcase name="convertJsonToXML()" classname="ConverterTest" time="0.062"/>
  <system-out><![CDATA[]]></system-out>
  <system-err><![CDATA[]]></system-err>
</testsuite>
