<?xml version="1.0" encoding="UTF-8"?>
<testsuite name="DataAccessTest" tests="17" skipped="0" failures="0" errors="0" timestamp="2021-04-16T11:09:03" hostname="LAPTOP-76PCAH75" time="0.269">
  <properties/>
  <testcase name="createNewCSVFile()" classname="DataAccessTest" time="0.047"/>
  <testcase name="appendObject_WithOutHeader()" classname="DataAccessTest" time="0.034"/>
  <testcase name="writeOneObjectToFile_withHeader()" classname="DataAccessTest" time="0.007"/>
  <testcase name="deleteObjectFromFile_WithoutHeaders()" classname="DataAccessTest" time="0.018"/>
  <testcase name="appendList_withHeader()" classname="DataAccessTest" time="0.011"/>
  <testcase name="doesExist_Fail()" classname="DataAccessTest" time="0.007"/>
  <testcase name="getAllObjectsFromTheCSVFile_withoutHeader()" classname="DataAccessTest" time="0.009"/>
  <testcase name="createExistingCSVFile()" classname="DataAccessTest" time="0.006"/>
  <testcase name="updateObjectFromFile()" classname="DataAccessTest" time="0.027"/>
  <testcase name="getAllObjectsFromTheCSVFile_withHeader()" classname="DataAccessTest" time="0.011"/>
  <testcase name="doesExist_Correct()" classname="DataAccessTest" time="0.009"/>
  <testcase name="writeListToFile_WithHeader()" classname="DataAccessTest" time="0.01"/>
  <testcase name="writeOneObjectToFile_withOutHeader()" classname="DataAccessTest" time="0.007"/>
  <testcase name="deleteObjectFromFile()" classname="DataAccessTest" time="0.016"/>
  <testcase name="appendList_withOutHeader()" classname="DataAccessTest" time="0.015"/>
  <testcase name="writeListToFile_WithOutHeader()" classname="DataAccessTest" time="0.007"/>
  <testcase name="appendObject_WithHeader()" classname="DataAccessTest" time="0.009"/>
  <system-out><![CDATA[]]></system-out>
  <system-err><![CDATA[]]></system-err>
</testsuite>
