<?xml version="1.0" encoding="UTF-8"?>
<testsuite name="SortingXMLTest" tests="6" skipped="0" failures="0" errors="0" timestamp="2021-04-27T12:44:33" hostname="LAPTOP-KA5PC1CV" time="0.058">
  <properties/>
  <testcase name="sortStringAlphabeticalDescending()" classname="SortingXMLTest" time="0.008"/>
  <testcase name="sortDoubleDescending()" classname="SortingXMLTest" time="0.011"/>
  <testcase name="sortStringAlphabeticalAscending()" classname="SortingXMLTest" time="0.012"/>
  <testcase name="sortDoubleAscending()" classname="SortingXMLTest" time="0.009"/>
  <testcase name="sortIntAscending()" classname="SortingXMLTest" time="0.008"/>
  <testcase name="sortIntDescending()" classname="SortingXMLTest" time="0.008"/>
  <system-out><![CDATA[]]></system-out>
  <system-err><![CDATA[]]></system-err>
</testsuite>
