<?xml version="1.0" encoding="UTF-8"?>
<testsuite name="SortingCSVTest" tests="6" skipped="0" failures="0" errors="0" timestamp="2021-04-28T17:35:39" hostname="LAPTOP-KA5PC1CV" time="0.152">
  <properties/>
  <testcase name="sortStringAlphabeticalDescending()" classname="SortingCSVTest" time="0.041"/>
  <testcase name="sortDoubleDescending()" classname="SortingCSVTest" time="0.015"/>
  <testcase name="sortStringAlphabeticalAscending()" classname="SortingCSVTest" time="0.025"/>
  <testcase name="sortDoubleAscending()" classname="SortingCSVTest" time="0.021"/>
  <testcase name="sortIntAscending()" classname="SortingCSVTest" time="0.023"/>
  <testcase name="sortIntDescending()" classname="SortingCSVTest" time="0.017"/>
  <system-out><![CDATA[]]></system-out>
  <system-err><![CDATA[]]></system-err>
</testsuite>
