<?xml version="1.0" encoding="UTF-8"?>
<testsuite name="DataAccessJSONTest" tests="11" skipped="0" failures="0" errors="0" timestamp="2021-04-16T11:09:03" hostname="LAPTOP-76PCAH75" time="0.871">
  <properties/>
  <testcase name="appendList()" classname="DataAccessJSONTest" time="0.747"/>
  <testcase name="writeListToFile()" classname="DataAccessJSONTest" time="0.011"/>
  <testcase name="getAllObjectsFromTheJSONFile()" classname="DataAccessJSONTest" time="0.007"/>
  <testcase name="writeOneObjectToFile()" classname="DataAccessJSONTest" time="0.007"/>
  <testcase name="doesExist_Fail()" classname="DataAccessJSONTest" time="0.011"/>
  <testcase name="updateObjectFromFile()" classname="DataAccessJSONTest" time="0.025"/>
  <testcase name="createNewJSONFile()" classname="DataAccessJSONTest" time="0.009"/>
  <testcase name="doesExist_Correct()" classname="DataAccessJSONTest" time="0.008"/>
  <testcase name="appendObject()" classname="DataAccessJSONTest" time="0.017"/>
  <testcase name="deleteObjectFromFile()" classname="DataAccessJSONTest" time="0.014"/>
  <testcase name="createExistingJSONFile()" classname="DataAccessJSONTest" time="0.005"/>
  <system-out><![CDATA[]]></system-out>
  <system-err><![CDATA[]]></system-err>
</testsuite>
