<?xml version="1.0" encoding="UTF-8"?>
<testsuite name="SortingJSONTest" tests="6" skipped="0" failures="0" errors="0" timestamp="2021-04-30T18:16:21" hostname="LAPTOP-KA5PC1CV" time="0.124">
  <properties/>
  <testcase name="sortStringAlphabeticalDescending()" classname="SortingJSONTest" time="0.02"/>
  <testcase name="sortDoubleDescending()" classname="SortingJSONTest" time="0.019"/>
  <testcase name="sortStringAlphabeticalAscending()" classname="SortingJSONTest" time="0.032"/>
  <testcase name="sortDoubleAscending()" classname="SortingJSONTest" time="0.015"/>
  <testcase name="sortIntAscending()" classname="SortingJSONTest" time="0.016"/>
  <testcase name="sortIntDescending()" classname="SortingJSONTest" time="0.009"/>
  <system-out><![CDATA[]]></system-out>
  <system-err><![CDATA[]]></system-err>
</testsuite>
