<?xml version="1.0" encoding="UTF-8"?>
<testsuite name="DataAccessXMLTest" tests="10" skipped="0" failures="0" errors="0" timestamp="2021-04-16T12:07:50" hostname="BRAM" time="0.142">
  <properties/>
  <testcase name="appendList()" classname="DataAccessXMLTest" time="0.074"/>
  <testcase name="createNewXMLFile()" classname="DataAccessXMLTest" time="0.004"/>
  <testcase name="writeListToFile()" classname="DataAccessXMLTest" time="0.005"/>
  <testcase name="getAllObjectsFromTheJSONFile()" classname="DataAccessXMLTest" time="0.005"/>
  <testcase name="writeOneObjectToFile()" classname="DataAccessXMLTest" time="0.005"/>
  <testcase name="doesExist_Fail()" classname="DataAccessXMLTest" time="0.004"/>
  <testcase name="updateObjectFromFile()" classname="DataAccessXMLTest" time="0.019"/>
  <testcase name="doesExist_Correct()" classname="DataAccessXMLTest" time="0.004"/>
  <testcase name="appendObject()" classname="DataAccessXMLTest" time="0.007"/>
  <testcase name="deleteObjectFromFile()" classname="DataAccessXMLTest" time="0.012"/>
  <system-out><![CDATA[Success
This file already exists
Success
Success
This file already exists
Success
Success
Success
Success
Success
Success
this exists
Success
[Car{registrationID=121222, producer='Mercedes', model='G-Class', Year=2018}, Car{registrationID=5531121, producer='Volkswagen', model='Golf', Year=2008}]
Success
this exists
]]></system-out>
  <system-err><![CDATA[]]></system-err>
</testsuite>
