<?xml version="1.0" encoding="UTF-8"?>
<testsuite name="ConverterTest" tests="6" skipped="0" failures="0" errors="0" timestamp="2021-05-05T10:05:17" hostname="LAPTOP-KA5PC1CV" time="0.211">
  <properties/>
  <testcase name="convertCsvToJson()" classname="ConverterTest" time="0.08"/>
  <testcase name="convertCsvToXml()" classname="ConverterTest" time="0.03"/>
  <testcase name="convertXmlToJson()" classname="ConverterTest" time="0.021"/>
  <testcase name="convertXmlToCsv()" classname="ConverterTest" time="0.02"/>
  <testcase name="convertJsonToCSV()" classname="ConverterTest" time="0.02"/>
  <testcase name="convertJsonToXML()" classname="ConverterTest" time="0.038"/>
  <system-out><![CDATA[]]></system-out>
  <system-err><![CDATA[]]></system-err>
</testsuite>
