<?xml version="1.0" encoding="UTF-8"?>
<testsuite name="SortingCSVTest" tests="6" skipped="0" failures="0" errors="0" timestamp="2021-05-07T11:12:29" hostname="LAPTOP-KA5PC1CV" time="0.25">
  <properties/>
  <testcase name="sortStringAlphabeticalDescending()" classname="SortingCSVTest" time="0.077"/>
  <testcase name="sortDoubleDescending()" classname="SortingCSVTest" time="0.02"/>
  <testcase name="sortStringAlphabeticalAscending()" classname="SortingCSVTest" time="0.057"/>
  <testcase name="sortDoubleAscending()" classname="SortingCSVTest" time="0.032"/>
  <testcase name="sortIntAscending()" classname="SortingCSVTest" time="0.032"/>
  <testcase name="sortIntDescending()" classname="SortingCSVTest" time="0.024"/>
  <system-out><![CDATA[]]></system-out>
  <system-err><![CDATA[]]></system-err>
</testsuite>
