<?xml version="1.0" encoding="UTF-8"?>
<testsuite name="CalculationXMLTest" tests="11" skipped="0" failures="0" errors="0" timestamp="2021-05-05T10:03:06" hostname="LAPTOP-KA5PC1CV" time="0.012">
  <properties/>
  <testcase name="calculateMinHeight()" classname="CalculationXMLTest" time="0.001"/>
  <testcase name="calculateMaxAge()" classname="CalculationXMLTest" time="0.001"/>
  <testcase name="calculateMinAge()" classname="CalculationXMLTest" time="0.001"/>
  <testcase name="calculateAverageHeightDouble()" classname="CalculationXMLTest" time="0.001"/>
  <testcase name="countAge()" classname="CalculationXMLTest" time="0.0"/>
  <testcase name="calculateSumIntWeight()" classname="CalculationXMLTest" time="0.001"/>
  <testcase name="calculateDoubleHeight()" classname="CalculationXMLTest" time="0.001"/>
  <testcase name="calculateAverageAgeInt()" classname="CalculationXMLTest" time="0.0"/>
  <testcase name="countName()" classname="CalculationXMLTest" time="0.0"/>
  <testcase name="calculateMaxHeight()" classname="CalculationXMLTest" time="0.0"/>
  <testcase name="countHeight()" classname="CalculationXMLTest" time="0.0"/>
  <system-out><![CDATA[]]></system-out>
  <system-err><![CDATA[]]></system-err>
</testsuite>
