<?xml version="1.0" encoding="UTF-8"?>
<testsuite name="SortingJSONTest" tests="6" skipped="0" failures="0" errors="0" timestamp="2021-05-07T11:12:29" hostname="LAPTOP-KA5PC1CV" time="0.154">
  <properties/>
  <testcase name="sortStringAlphabeticalDescending()" classname="SortingJSONTest" time="0.021"/>
  <testcase name="sortDoubleDescending()" classname="SortingJSONTest" time="0.016"/>
  <testcase name="sortStringAlphabeticalAscending()" classname="SortingJSONTest" time="0.04"/>
  <testcase name="sortDoubleAscending()" classname="SortingJSONTest" time="0.022"/>
  <testcase name="sortIntAscending()" classname="SortingJSONTest" time="0.025"/>
  <testcase name="sortIntDescending()" classname="SortingJSONTest" time="0.02"/>
  <system-out><![CDATA[]]></system-out>
  <system-err><![CDATA[]]></system-err>
</testsuite>
