<?xml version="1.0" encoding="UTF-8"?>
<testsuite name="CalculationCSVTest" tests="1" skipped="0" failures="0" errors="0" timestamp="2021-04-23T19:25:14" hostname="LAPTOP-KA5PC1CV" time="0.679">
  <properties/>
  <testcase name="calculateAverageHeightDouble()" classname="CalculationCSVTest" time="0.679"/>
  <system-out><![CDATA[]]></system-out>
  <system-err><![CDATA[]]></system-err>
</testsuite>
