<?xml version="1.0" encoding="UTF-8"?>
<testsuite name="SortingCSVTest" tests="6" skipped="0" failures="0" errors="0" timestamp="2021-04-30T18:16:21" hostname="LAPTOP-KA5PC1CV" time="0.112">
  <properties/>
  <testcase name="sortStringAlphabeticalDescending()" classname="SortingCSVTest" time="0.018"/>
  <testcase name="sortDoubleDescending()" classname="SortingCSVTest" time="0.01"/>
  <testcase name="sortStringAlphabeticalAscending()" classname="SortingCSVTest" time="0.021"/>
  <testcase name="sortDoubleAscending()" classname="SortingCSVTest" time="0.012"/>
  <testcase name="sortIntAscending()" classname="SortingCSVTest" time="0.017"/>
  <testcase name="sortIntDescending()" classname="SortingCSVTest" time="0.023"/>
  <system-out><![CDATA[]]></system-out>
  <system-err><![CDATA[]]></system-err>
</testsuite>
