<?xml version="1.0" encoding="UTF-8"?>
<testsuite name="SortingXMLTest" tests="6" skipped="0" failures="0" errors="0" timestamp="2021-05-05T08:42:46" hostname="LAPTOP-KA5PC1CV" time="0.11">
  <properties/>
  <testcase name="sortStringAlphabeticalDescending()" classname="SortingXMLTest" time="0.02"/>
  <testcase name="sortDoubleDescending()" classname="SortingXMLTest" time="0.015"/>
  <testcase name="sortStringAlphabeticalAscending()" classname="SortingXMLTest" time="0.016"/>
  <testcase name="sortDoubleAscending()" classname="SortingXMLTest" time="0.017"/>
  <testcase name="sortIntAscending()" classname="SortingXMLTest" time="0.019"/>
  <testcase name="sortIntDescending()" classname="SortingXMLTest" time="0.02"/>
  <system-out><![CDATA[]]></system-out>
  <system-err><![CDATA[]]></system-err>
</testsuite>
