<?xml version="1.0" encoding="UTF-8"?>
<testsuite name="DataAccessCSVTest" tests="23" skipped="0" failures="0" errors="0" timestamp="2021-05-07T11:12:27" hostname="LAPTOP-KA5PC1CV" time="0.462">
  <properties/>
  <testcase name="createNewCSVFile()" classname="DataAccessCSVTest" time="0.009"/>
  <testcase name="appendObject_WithOutHeader()" classname="DataAccessCSVTest" time="0.016"/>
  <testcase name="writeOneObjectToFile_withHeader()" classname="DataAccessCSVTest" time="0.014"/>
  <testcase name="deleteObjectFromFile_WithoutHeaders()" classname="DataAccessCSVTest" time="0.035"/>
  <testcase name="appendList_withHeader()" classname="DataAccessCSVTest" time="0.027"/>
  <testcase name="doesExist_Fail()" classname="DataAccessCSVTest" time="0.015"/>
  <testcase name="getAllObjectsFromTheCSVFile_withoutHeader()" classname="DataAccessCSVTest" time="0.019"/>
  <testcase name="createExistingCSVFile()" classname="DataAccessCSVTest" time="0.008"/>
  <testcase name="updateObjectFromFile()" classname="DataAccessCSVTest" time="0.045"/>
  <testcase name="getAllObjectsFromTheCSVFile_withHeader()" classname="DataAccessCSVTest" time="0.02"/>
  <testcase name="doesExist_Correct()" classname="DataAccessCSVTest" time="0.013"/>
  <testcase name="writeListToFile_WithHeader()" classname="DataAccessCSVTest" time="0.015"/>
  <testcase name="writeOneObjectToFile_withOutHeader()" classname="DataAccessCSVTest" time="0.018"/>
  <testcase name="getCorrectObjectByCylinderReference()" classname="DataAccessCSVTest" time="0.02"/>
  <testcase name="getCorrectObjectByIDReference_NotEquals()" classname="DataAccessCSVTest" time="0.02"/>
  <testcase name="deleteObjectFromFile()" classname="DataAccessCSVTest" time="0.033"/>
  <testcase name="getCorrectObjectByProducerReference()" classname="DataAccessCSVTest" time="0.014"/>
  <testcase name="appendList_withOutHeader()" classname="DataAccessCSVTest" time="0.02"/>
  <testcase name="writeListToFile_WithOutHeader()" classname="DataAccessCSVTest" time="0.012"/>
  <testcase name="appendObject_WithHeader()" classname="DataAccessCSVTest" time="0.014"/>
  <testcase name="getCorrectObjectByProducerReference_NotEquals()" classname="DataAccessCSVTest" time="0.013"/>
  <testcase name="getCorrectObjectByCylinderReference_NotEquals()" classname="DataAccessCSVTest" time="0.016"/>
  <testcase name="getCorrectObjectByIDReference()" classname="DataAccessCSVTest" time="0.017"/>
  <system-out><![CDATA[]]></system-out>
  <system-err><![CDATA[]]></system-err>
</testsuite>
