<?xml version="1.0" encoding="UTF-8"?>
<testsuite name="SortingCSVTest" tests="6" skipped="0" failures="0" errors="0" timestamp="2021-05-05T08:42:46" hostname="LAPTOP-KA5PC1CV" time="0.095">
  <properties/>
  <testcase name="sortStringAlphabeticalDescending()" classname="SortingCSVTest" time="0.027"/>
  <testcase name="sortDoubleDescending()" classname="SortingCSVTest" time="0.016"/>
  <testcase name="sortStringAlphabeticalAscending()" classname="SortingCSVTest" time="0.01"/>
  <testcase name="sortDoubleAscending()" classname="SortingCSVTest" time="0.018"/>
  <testcase name="sortIntAscending()" classname="SortingCSVTest" time="0.01"/>
  <testcase name="sortIntDescending()" classname="SortingCSVTest" time="0.011"/>
  <system-out><![CDATA[]]></system-out>
  <system-err><![CDATA[]]></system-err>
</testsuite>
