<?xml version="1.0" encoding="UTF-8"?>
<testsuite name="DataAccessXMLTest" tests="17" skipped="0" failures="0" errors="0" timestamp="2021-05-07T11:12:28" hostname="LAPTOP-KA5PC1CV" time="0.491">
  <properties/>
  <testcase name="appendList()" classname="DataAccessXMLTest" time="0.051"/>
  <testcase name="getAllObjectsFromTheXMLFile()" classname="DataAccessXMLTest" time="0.02"/>
  <testcase name="createNewXMLFile()" classname="DataAccessXMLTest" time="0.01"/>
  <testcase name="writeListToFile()" classname="DataAccessXMLTest" time="0.029"/>
  <testcase name="writeOneObjectToFile()" classname="DataAccessXMLTest" time="0.042"/>
  <testcase name="doesExist_Fail()" classname="DataAccessXMLTest" time="0.019"/>
  <testcase name="updateObjectFromFile()" classname="DataAccessXMLTest" time="0.063"/>
  <testcase name="doesExist_Correct()" classname="DataAccessXMLTest" time="0.017"/>
  <testcase name="appendObject()" classname="DataAccessXMLTest" time="0.036"/>
  <testcase name="getCorrectObjectByCylinderReference()" classname="DataAccessXMLTest" time="0.021"/>
  <testcase name="getCorrectObjectByIDReference_NotEquals()" classname="DataAccessXMLTest" time="0.019"/>
  <testcase name="deleteObjectFromFile()" classname="DataAccessXMLTest" time="0.051"/>
  <testcase name="getCorrectObjectByProducerReference()" classname="DataAccessXMLTest" time="0.025"/>
  <testcase name="createExistingXMLFile()" classname="DataAccessXMLTest" time="0.005"/>
  <testcase name="getCorrectObjectByProducerReference_NotEquals()" classname="DataAccessXMLTest" time="0.022"/>
  <testcase name="getCorrectObjectByCylinderReference_NotEquals()" classname="DataAccessXMLTest" time="0.021"/>
  <testcase name="getCorrectObjectByIDReference()" classname="DataAccessXMLTest" time="0.022"/>
  <system-out><![CDATA[]]></system-out>
  <system-err><![CDATA[]]></system-err>
</testsuite>
