<?xml version="1.0" encoding="UTF-8"?>
<testsuite name="SortingXMLTest" tests="6" skipped="0" failures="0" errors="0" timestamp="2021-04-30T18:16:21" hostname="LAPTOP-KA5PC1CV" time="0.182">
  <properties/>
  <testcase name="sortStringAlphabeticalDescending()" classname="SortingXMLTest" time="0.031"/>
  <testcase name="sortDoubleDescending()" classname="SortingXMLTest" time="0.02"/>
  <testcase name="sortStringAlphabeticalAscending()" classname="SortingXMLTest" time="0.018"/>
  <testcase name="sortDoubleAscending()" classname="SortingXMLTest" time="0.021"/>
  <testcase name="sortIntAscending()" classname="SortingXMLTest" time="0.045"/>
  <testcase name="sortIntDescending()" classname="SortingXMLTest" time="0.04"/>
  <system-out><![CDATA[]]></system-out>
  <system-err><![CDATA[]]></system-err>
</testsuite>
