<?xml version="1.0" encoding="UTF-8"?>
<testsuite name="DataAccessTest" tests="17" skipped="0" failures="0" errors="0" timestamp="2021-03-30T09:51:00" hostname="LAPTOP-KA5PC1CV" time="0.391">
  <properties/>
  <testcase name="createNewCSVFile()" classname="DataAccessTest" time="0.237"/>
  <testcase name="appendObject_WithOutHeader()" classname="DataAccessTest" time="0.037"/>
  <testcase name="writeOneObjectToFile_withHeader()" classname="DataAccessTest" time="0.006"/>
  <testcase name="deleteObjectFromFile_WithoutHeaders()" classname="DataAccessTest" time="0.015"/>
  <testcase name="appendList_withHeader()" classname="DataAccessTest" time="0.006"/>
  <testcase name="doesExist_Fail()" classname="DataAccessTest" time="0.006"/>
  <testcase name="getAllObjectsFromTheCSVFile_withoutHeader()" classname="DataAccessTest" time="0.009"/>
  <testcase name="createExistingCSVFile()" classname="DataAccessTest" time="0.004"/>
  <testcase name="updateObjectFromFile()" classname="DataAccessTest" time="0.012"/>
  <testcase name="getAllObjectsFromTheCSVFile_withHeader()" classname="DataAccessTest" time="0.006"/>
  <testcase name="doesExist_Correct()" classname="DataAccessTest" time="0.005"/>
  <testcase name="writeListToFile_WithHeader()" classname="DataAccessTest" time="0.005"/>
  <testcase name="writeOneObjectToFile_withOutHeader()" classname="DataAccessTest" time="0.004"/>
  <testcase name="deleteObjectFromFile()" classname="DataAccessTest" time="0.013"/>
  <testcase name="appendList_withOutHeader()" classname="DataAccessTest" time="0.006"/>
  <testcase name="writeListToFile_WithOutHeader()" classname="DataAccessTest" time="0.006"/>
  <testcase name="appendObject_WithHeader()" classname="DataAccessTest" time="0.007"/>
  <system-out><![CDATA[]]></system-out>
  <system-err><![CDATA[]]></system-err>
</testsuite>
