<?xml version="1.0" encoding="UTF-8"?>
<testsuite name="SortingXMLTest" tests="6" skipped="0" failures="0" errors="0" timestamp="2021-05-04T16:52:57" hostname="LAPTOP-KA5PC1CV" time="0.045">
  <properties/>
  <testcase name="sortStringAlphabeticalDescending()" classname="SortingXMLTest" time="0.007"/>
  <testcase name="sortDoubleDescending()" classname="SortingXMLTest" time="0.009"/>
  <testcase name="sortStringAlphabeticalAscending()" classname="SortingXMLTest" time="0.006"/>
  <testcase name="sortDoubleAscending()" classname="SortingXMLTest" time="0.006"/>
  <testcase name="sortIntAscending()" classname="SortingXMLTest" time="0.007"/>
  <testcase name="sortIntDescending()" classname="SortingXMLTest" time="0.007"/>
  <system-out><![CDATA[]]></system-out>
  <system-err><![CDATA[]]></system-err>
</testsuite>
