<?xml version="1.0" encoding="UTF-8"?>
<testsuite name="CalculationXMLTest" tests="11" skipped="0" failures="0" errors="0" timestamp="2021-04-27T12:44:33" hostname="LAPTOP-KA5PC1CV" time="0.151">
  <properties/>
  <testcase name="calculateMinHeight()" classname="CalculationXMLTest" time="0.09"/>
  <testcase name="calculateMaxAge()" classname="CalculationXMLTest" time="0.006"/>
  <testcase name="calculateMinAge()" classname="CalculationXMLTest" time="0.006"/>
  <testcase name="calculateAverageHeightDouble()" classname="CalculationXMLTest" time="0.005"/>
  <testcase name="countAge()" classname="CalculationXMLTest" time="0.005"/>
  <testcase name="calculateSumIntWeight()" classname="CalculationXMLTest" time="0.006"/>
  <testcase name="calculateDoubleHeight()" classname="CalculationXMLTest" time="0.007"/>
  <testcase name="calculateAverageAgeInt()" classname="CalculationXMLTest" time="0.006"/>
  <testcase name="countName()" classname="CalculationXMLTest" time="0.005"/>
  <testcase name="calculateMaxHeight()" classname="CalculationXMLTest" time="0.005"/>
  <testcase name="countHeight()" classname="CalculationXMLTest" time="0.005"/>
  <system-out><![CDATA[]]></system-out>
  <system-err><![CDATA[]]></system-err>
</testsuite>
