<?xml version="1.0" encoding="UTF-8"?>
<testsuite name="SortingXMLTest" tests="6" skipped="0" failures="0" errors="0" timestamp="2021-04-27T12:42:08" hostname="LAPTOP-KA5PC1CV" time="1.285">
  <properties/>
  <testcase name="sortStringAlphabeticalDescending()" classname="SortingXMLTest" time="1.173"/>
  <testcase name="sortDoubleDescending()" classname="SortingXMLTest" time="0.018"/>
  <testcase name="sortStringAlphabeticalAscending()" classname="SortingXMLTest" time="0.022"/>
  <testcase name="sortDoubleAscending()" classname="SortingXMLTest" time="0.022"/>
  <testcase name="sortIntAscending()" classname="SortingXMLTest" time="0.021"/>
  <testcase name="sortIntDescending()" classname="SortingXMLTest" time="0.023"/>
  <system-out><![CDATA[]]></system-out>
  <system-err><![CDATA[]]></system-err>
</testsuite>
