<?xml version="1.0" encoding="UTF-8"?>
<testsuite name="ConverterTest" tests="6" skipped="0" failures="0" errors="0" timestamp="2021-04-30T18:16:20" hostname="LAPTOP-KA5PC1CV" time="0.33">
  <properties/>
  <testcase name="convertCsvToJson()" classname="ConverterTest" time="0.131"/>
  <testcase name="convertCsvToXml()" classname="ConverterTest" time="0.041"/>
  <testcase name="convertXmlToJson()" classname="ConverterTest" time="0.032"/>
  <testcase name="convertXmlToCsv()" classname="ConverterTest" time="0.036"/>
  <testcase name="convertJsonToCSV()" classname="ConverterTest" time="0.039"/>
  <testcase name="convertJsonToXML()" classname="ConverterTest" time="0.05"/>
  <system-out><![CDATA[]]></system-out>
  <system-err><![CDATA[]]></system-err>
</testsuite>
