<?xml version="1.0" encoding="UTF-8"?>
<testsuite name="SortingXMLTest" tests="6" skipped="0" failures="0" errors="0" timestamp="2021-05-07T11:12:29" hostname="LAPTOP-KA5PC1CV" time="0.155">
  <properties/>
  <testcase name="sortStringAlphabeticalDescending()" classname="SortingXMLTest" time="0.031"/>
  <testcase name="sortDoubleDescending()" classname="SortingXMLTest" time="0.025"/>
  <testcase name="sortStringAlphabeticalAscending()" classname="SortingXMLTest" time="0.022"/>
  <testcase name="sortDoubleAscending()" classname="SortingXMLTest" time="0.023"/>
  <testcase name="sortIntAscending()" classname="SortingXMLTest" time="0.027"/>
  <testcase name="sortIntDescending()" classname="SortingXMLTest" time="0.021"/>
  <system-out><![CDATA[]]></system-out>
  <system-err><![CDATA[]]></system-err>
</testsuite>
