<?xml version="1.0" encoding="UTF-8"?>
<testsuite name="DataAccessXMLTest" tests="1" skipped="0" failures="0" errors="0" timestamp="2021-04-21T14:27:02" hostname="LAPTOP-KA5PC1CV" time="0.369">
  <properties/>
  <testcase name="getCorrectObjectByProducerReference()" classname="DataAccessXMLTest" time="0.369"/>
  <system-out><![CDATA[]]></system-out>
  <system-err><![CDATA[]]></system-err>
</testsuite>
