<?xml version="1.0" encoding="UTF-8"?>
<testsuite name="ConverterTest" tests="6" skipped="0" failures="0" errors="0" timestamp="2021-04-29T07:47:59" hostname="LAPTOP-KA5PC1CV" time="0.223">
  <properties/>
  <testcase name="convertCsvToJson()" classname="ConverterTest" time="0.092"/>
  <testcase name="convertCsvToXml()" classname="ConverterTest" time="0.025"/>
  <testcase name="convertXmlToJson()" classname="ConverterTest" time="0.024"/>
  <testcase name="convertXmlToCsv()" classname="ConverterTest" time="0.022"/>
  <testcase name="convertJsonToCSV()" classname="ConverterTest" time="0.024"/>
  <testcase name="convertJsonToXML()" classname="ConverterTest" time="0.032"/>
  <system-out><![CDATA[]]></system-out>
  <system-err><![CDATA[]]></system-err>
</testsuite>
