<?xml version="1.0" encoding="UTF-8"?>
<testsuite name="DataAccessJSONTest" tests="1" skipped="0" failures="0" errors="0" timestamp="2021-04-21T12:56:18" hostname="LAPTOP-KA5PC1CV" time="0.357">
  <properties/>
  <testcase name="getCorrectObjectByCylinderReference()" classname="DataAccessJSONTest" time="0.357"/>
  <system-out><![CDATA[]]></system-out>
  <system-err><![CDATA[]]></system-err>
</testsuite>
