<?xml version="1.0" encoding="UTF-8"?>
<testsuite name="ConverterTest" tests="6" skipped="0" failures="0" errors="0" timestamp="2021-05-05T10:03:06" hostname="LAPTOP-KA5PC1CV" time="0.224">
  <properties/>
  <testcase name="convertCsvToJson()" classname="ConverterTest" time="0.08"/>
  <testcase name="convertCsvToXml()" classname="ConverterTest" time="0.029"/>
  <testcase name="convertXmlToJson()" classname="ConverterTest" time="0.025"/>
  <testcase name="convertXmlToCsv()" classname="ConverterTest" time="0.024"/>
  <testcase name="convertJsonToCSV()" classname="ConverterTest" time="0.027"/>
  <testcase name="convertJsonToXML()" classname="ConverterTest" time="0.037"/>
  <system-out><![CDATA[]]></system-out>
  <system-err><![CDATA[]]></system-err>
</testsuite>
