<?xml version="1.0" encoding="UTF-8"?>
<testsuite name="DataAccessCSVTest" tests="1" skipped="0" failures="0" errors="0" timestamp="2021-04-30T07:48:50" hostname="LAPTOP-KA5PC1CV" time="0.268">
  <properties/>
  <testcase name="getCorrectObjectByIDReference()" classname="DataAccessCSVTest" time="0.268"/>
  <system-out><![CDATA[]]></system-out>
  <system-err><![CDATA[]]></system-err>
</testsuite>
