<?xml version="1.0" encoding="UTF-8"?>
<testsuite name="SortingCSVTest" tests="6" skipped="0" failures="0" errors="0" timestamp="2021-04-27T12:33:39" hostname="LAPTOP-KA5PC1CV" time="0.952">
  <properties/>
  <testcase name="sortStringAlphabeticalDescending()" classname="SortingCSVTest" time="0.883"/>
  <testcase name="sortDoubleDescending()" classname="SortingCSVTest" time="0.012"/>
  <testcase name="sortStringAlphabeticalAscending()" classname="SortingCSVTest" time="0.015"/>
  <testcase name="sortDoubleAscending()" classname="SortingCSVTest" time="0.011"/>
  <testcase name="sortIntAscending()" classname="SortingCSVTest" time="0.013"/>
  <testcase name="sortIntDescending()" classname="SortingCSVTest" time="0.012"/>
  <system-out><![CDATA[]]></system-out>
  <system-err><![CDATA[]]></system-err>
</testsuite>
