<?xml version="1.0" encoding="UTF-8"?>
<testsuite name="DataAccessTest" tests="17" skipped="0" failures="0" errors="0" timestamp="2021-03-30T09:22:51" hostname="LAPTOP-KA5PC1CV" time="1.205">
  <properties/>
  <testcase name="createNewCSVFile()" classname="DataAccessTest" time="0.856"/>
  <testcase name="appendObject_WithOutHeader()" classname="DataAccessTest" time="0.084"/>
  <testcase name="writeOneObjectToFile_withHeader()" classname="DataAccessTest" time="0.009"/>
  <testcase name="deleteObjectFromFile_WithoutHeaders()" classname="DataAccessTest" time="0.032"/>
  <testcase name="appendList_withHeader()" classname="DataAccessTest" time="0.014"/>
  <testcase name="doesExist_Fail()" classname="DataAccessTest" time="0.012"/>
  <testcase name="getAllObjectsFromTheCSVFile_withoutHeader()" classname="DataAccessTest" time="0.023"/>
  <testcase name="createExistingCSVFile()" classname="DataAccessTest" time="0.01"/>
  <testcase name="updateObjectFromFile()" classname="DataAccessTest" time="0.033"/>
  <testcase name="getAllObjectsFromTheCSVFile_withHeader()" classname="DataAccessTest" time="0.016"/>
  <testcase name="doesExist_Correct()" classname="DataAccessTest" time="0.013"/>
  <testcase name="writeListToFile_WithHeader()" classname="DataAccessTest" time="0.011"/>
  <testcase name="writeOneObjectToFile_withOutHeader()" classname="DataAccessTest" time="0.01"/>
  <testcase name="deleteObjectFromFile()" classname="DataAccessTest" time="0.021"/>
  <testcase name="appendList_withOutHeader()" classname="DataAccessTest" time="0.017"/>
  <testcase name="writeListToFile_WithOutHeader()" classname="DataAccessTest" time="0.011"/>
  <testcase name="appendObject_WithHeader()" classname="DataAccessTest" time="0.013"/>
  <system-out><![CDATA[Success
Success
Success
Success
Success
Success
Success
Success
Success
This file already exists
Success
Success
Success
Success
Success
Success
Success
Success
Success
]]></system-out>
  <system-err><![CDATA[]]></system-err>
</testsuite>
