<?xml version="1.0" encoding="UTF-8"?>
<testsuite name="CalculationXMLTest" tests="11" skipped="0" failures="0" errors="0" timestamp="2021-04-25T16:48:12" hostname="LAPTOP-KA5PC1CV" time="1.668">
  <properties/>
  <testcase name="calculateMinHeight()" classname="CalculationXMLTest" time="1.52"/>
  <testcase name="calculateMaxAge()" classname="CalculationXMLTest" time="0.026"/>
  <testcase name="calculateMinAge()" classname="CalculationXMLTest" time="0.014"/>
  <testcase name="calculateAverageHeightDouble()" classname="CalculationXMLTest" time="0.013"/>
  <testcase name="countAge()" classname="CalculationXMLTest" time="0.011"/>
  <testcase name="calculateSumIntWeight()" classname="CalculationXMLTest" time="0.013"/>
  <testcase name="calculateDoubleHeight()" classname="CalculationXMLTest" time="0.012"/>
  <testcase name="calculateAverageAgeInt()" classname="CalculationXMLTest" time="0.014"/>
  <testcase name="countName()" classname="CalculationXMLTest" time="0.011"/>
  <testcase name="calculateMaxHeight()" classname="CalculationXMLTest" time="0.013"/>
  <testcase name="countHeight()" classname="CalculationXMLTest" time="0.011"/>
  <system-out><![CDATA[]]></system-out>
  <system-err><![CDATA[]]></system-err>
</testsuite>
