<?xml version="1.0" encoding="UTF-8"?>
<testsuite name="SortingXMLTest" tests="6" skipped="0" failures="0" errors="0" timestamp="2021-04-28T17:35:39" hostname="LAPTOP-KA5PC1CV" time="0.25">
  <properties/>
  <testcase name="sortStringAlphabeticalDescending()" classname="SortingXMLTest" time="0.074"/>
  <testcase name="sortDoubleDescending()" classname="SortingXMLTest" time="0.038"/>
  <testcase name="sortStringAlphabeticalAscending()" classname="SortingXMLTest" time="0.027"/>
  <testcase name="sortDoubleAscending()" classname="SortingXMLTest" time="0.032"/>
  <testcase name="sortIntAscending()" classname="SortingXMLTest" time="0.034"/>
  <testcase name="sortIntDescending()" classname="SortingXMLTest" time="0.031"/>
  <system-out><![CDATA[]]></system-out>
  <system-err><![CDATA[]]></system-err>
</testsuite>
